<?xml version="1.0" encoding="UTF-8"?>
<!-- Generated by org.testng.reporters.JUnitReportReporter -->
<testsuite hostname="Yashaswini" failures="0" tests="1" name="testCases.TC001_AccountRegistrationTest" time="7.470" errors="0" timestamp="2025-05-31T21:16:03 IST" skipped="0">
  <testcase classname="testCases.TC001_AccountRegistrationTest" name="verify_account_registration" time="7.470"/>
</testsuite> <!-- testCases.TC001_AccountRegistrationTest -->
