<?xml version="1.0" encoding="UTF-8"?>
<!-- Generated by org.testng.reporters.JUnitReportReporter -->
<testsuite hostname="Yashaswini" failures="0" tests="1" name="testCases.TC002_AccountLogin" time="1.877" errors="0" timestamp="2025-05-31T21:16:03 IST" skipped="0">
  <testcase classname="testCases.TC002_AccountLogin" name="verify_AccountLogin" time="1.877"/>
</testsuite> <!-- testCases.TC002_AccountLogin -->
